This file contains any messages produced by compilers while
running configure, to aid debugging if configure makes a mistake.

It was created by xfce4-sensors-plugin configure 0.10.99.7, which was
generated by GNU Autoconf 2.64.  Invocation command line was

  $ ./configure --enable-maintainer-mode

## --------- ##
## Platform. ##
## --------- ##

hostname = TIM3000
uname -m = i686
uname -r = 2.6.30-1-686
uname -s = Linux
uname -v = #1 SMP Sat Aug 15 19:11:58 UTC 2009

/usr/bin/uname -p = unknown
/bin/uname -X     = unknown

/bin/arch              = unknown
/usr/bin/arch -k       = unknown
/usr/convex/getsysinfo = unknown
/usr/bin/hostinfo      = unknown
/bin/machine           = unknown
/usr/bin/oslevel       = unknown
/bin/universe          = unknown

PATH: /usr/local/sbin/
PATH: /usr/sbin
PATH: /sbin
PATH: /usr/local/bin
PATH: /usr/bin
PATH: /bin
PATH: .
PATH: /bin
PATH: /usr/games
PATH: /home/tim/bin
PATH: /opt/cxoffice/bin
PATH: /opt/cxgames/bin


## ----------- ##
## Core tests. ##
## ----------- ##

configure:2517: checking build system type
configure:2531: result: i686-pc-linux-gnu
configure:2551: checking host system type
configure:2564: result: i686-pc-linux-gnu
configure:2584: checking target system type
configure:2597: result: i686-pc-linux-gnu
configure:2640: checking for a BSD-compatible install
configure:2708: result: /usr/bin/install -c
configure:2719: checking whether build environment is sane
configure:2756: result: yes
configure:2818: checking for gawk
configure:2834: found /usr/bin/gawk
configure:2845: result: gawk
configure:2856: checking whether make sets $(MAKE)
configure:2878: result: yes
configure:3058: checking whether to enable maintainer-specific portions of Makefiles
configure:3067: result: yes
configure:3095: checking for style of include used by make
configure:3123: result: GNU
configure:3196: checking for gcc
configure:3212: found /usr/bin/gcc
configure:3223: result: gcc
configure:3452: checking for C compiler version
configure:3461: gcc --version >&5
gcc (Debian 4.3.4-1) 4.3.4
Copyright (C) 2008 Free Software Foundation, Inc.
This is free software; see the source for copying conditions.  There is NO
warranty; not even for MERCHANTABILITY or FITNESS FOR A PARTICULAR PURPOSE.

configure:3472: $? = 0
configure:3461: gcc -v >&5
Using built-in specs.
Target: i486-linux-gnu
Configured with: ../src/configure -v --with-pkgversion='Debian 4.3.4-1' --with-bugurl=file:///usr/share/doc/gcc-4.3/README.Bugs --enable-languages=c,c++,fortran,objc,obj-c++ --prefix=/usr --enable-shared --enable-multiarch --enable-linker-build-id --with-system-zlib --libexecdir=/usr/lib --without-included-gettext --enable-threads=posix --enable-nls --with-gxx-include-dir=/usr/include/c++/4.3 --program-suffix=-4.3 --enable-clocale=gnu --enable-libstdcxx-debug --enable-objc-gc --enable-mpfr --enable-targets=all --with-tune=generic --enable-checking=release --build=i486-linux-gnu --host=i486-linux-gnu --target=i486-linux-gnu
Thread model: posix
gcc version 4.3.4 (Debian 4.3.4-1) 
configure:3472: $? = 0
configure:3461: gcc -V >&5
gcc: '-V' option must have argument
configure:3472: $? = 1
configure:3461: gcc -qversion >&5
gcc: unrecognized option '-qversion'
gcc: no input files
configure:3472: $? = 1
configure:3494: checking for C compiler default output file name
configure:3516: gcc    conftest.c  >&5
configure:3520: $? = 0
configure:3557: result: a.out
configure:3573: checking whether the C compiler works
configure:3582: ./a.out
configure:3586: $? = 0
configure:3601: result: yes
configure:3608: checking whether we are cross compiling
configure:3610: result: no
configure:3613: checking for suffix of executables
configure:3620: gcc -o conftest    conftest.c  >&5
configure:3624: $? = 0
configure:3646: result: 
configure:3652: checking for suffix of object files
configure:3674: gcc -c   conftest.c >&5
configure:3678: $? = 0
configure:3699: result: o
configure:3703: checking whether we are using the GNU C compiler
configure:3722: gcc -c   conftest.c >&5
configure:3722: $? = 0
configure:3731: result: yes
configure:3740: checking whether gcc accepts -g
configure:3760: gcc -c -g  conftest.c >&5
configure:3760: $? = 0
configure:3801: result: yes
configure:3818: checking for gcc option to accept ISO C89
configure:3882: gcc  -c -g -O2  conftest.c >&5
configure:3882: $? = 0
configure:3895: result: none needed
configure:3917: checking dependency style of gcc
configure:4007: result: gcc3
configure:4030: checking how to run the C preprocessor
configure:4061: gcc -E  conftest.c
configure:4061: $? = 0
configure:4075: gcc -E  conftest.c
conftest.c:11:28: error: ac_nonexistent.h: No such file or directory
configure:4075: $? = 1
configure: failed program was:
| /* confdefs.h */
| #define PACKAGE_NAME "xfce4-sensors-plugin"
| #define PACKAGE_TARNAME "xfce4-sensors-plugin"
| #define PACKAGE_VERSION "0.10.99.7"
| #define PACKAGE_STRING "xfce4-sensors-plugin 0.10.99.7"
| #define PACKAGE_BUGREPORT "timystery@arcor.de"
| #define PACKAGE_URL ""
| #define PACKAGE "xfce4-sensors-plugin"
| #define VERSION "0.10.99.7"
| /* end confdefs.h.  */
| #include <ac_nonexistent.h>
configure:4100: result: gcc -E
configure:4120: gcc -E  conftest.c
configure:4120: $? = 0
configure:4134: gcc -E  conftest.c
conftest.c:11:28: error: ac_nonexistent.h: No such file or directory
configure:4134: $? = 1
configure: failed program was:
| /* confdefs.h */
| #define PACKAGE_NAME "xfce4-sensors-plugin"
| #define PACKAGE_TARNAME "xfce4-sensors-plugin"
| #define PACKAGE_VERSION "0.10.99.7"
| #define PACKAGE_STRING "xfce4-sensors-plugin 0.10.99.7"
| #define PACKAGE_BUGREPORT "timystery@arcor.de"
| #define PACKAGE_URL ""
| #define PACKAGE "xfce4-sensors-plugin"
| #define VERSION "0.10.99.7"
| /* end confdefs.h.  */
| #include <ac_nonexistent.h>
configure:4163: checking for grep that handles long lines and -e
configure:4221: result: /bin/grep
configure:4226: checking for egrep
configure:4288: result: /bin/grep -E
configure:4293: checking for ANSI C header files
configure:4313: gcc -c -g -O2  conftest.c >&5
configure:4313: $? = 0
configure:4386: gcc -o conftest -g -O2   conftest.c  >&5
configure:4386: $? = 0
configure:4386: ./conftest
configure:4386: $? = 0
configure:4397: result: yes
configure:4410: checking for sys/types.h
configure:4410: gcc -c -g -O2  conftest.c >&5
configure:4410: $? = 0
configure:4410: result: yes
configure:4410: checking for sys/stat.h
configure:4410: gcc -c -g -O2  conftest.c >&5
configure:4410: $? = 0
configure:4410: result: yes
configure:4410: checking for stdlib.h
configure:4410: gcc -c -g -O2  conftest.c >&5
configure:4410: $? = 0
configure:4410: result: yes
configure:4410: checking for string.h
configure:4410: gcc -c -g -O2  conftest.c >&5
configure:4410: $? = 0
configure:4410: result: yes
configure:4410: checking for memory.h
configure:4410: gcc -c -g -O2  conftest.c >&5
configure:4410: $? = 0
configure:4410: result: yes
configure:4410: checking for strings.h
configure:4410: gcc -c -g -O2  conftest.c >&5
configure:4410: $? = 0
configure:4410: result: yes
configure:4410: checking for inttypes.h
configure:4410: gcc -c -g -O2  conftest.c >&5
configure:4410: $? = 0
configure:4410: result: yes
configure:4410: checking for stdint.h
configure:4410: gcc -c -g -O2  conftest.c >&5
configure:4410: $? = 0
configure:4410: result: yes
configure:4410: checking for unistd.h
configure:4410: gcc -c -g -O2  conftest.c >&5
configure:4410: $? = 0
configure:4410: result: yes
configure:4424: checking minix/config.h usability
configure:4424: gcc -c -g -O2  conftest.c >&5
conftest.c:54:26: error: minix/config.h: No such file or directory
configure:4424: $? = 1
configure: failed program was:
| /* confdefs.h */
| #define PACKAGE_NAME "xfce4-sensors-plugin"
| #define PACKAGE_TARNAME "xfce4-sensors-plugin"
| #define PACKAGE_VERSION "0.10.99.7"
| #define PACKAGE_STRING "xfce4-sensors-plugin 0.10.99.7"
| #define PACKAGE_BUGREPORT "timystery@arcor.de"
| #define PACKAGE_URL ""
| #define PACKAGE "xfce4-sensors-plugin"
| #define VERSION "0.10.99.7"
| #define STDC_HEADERS 1
| #define HAVE_SYS_TYPES_H 1
| #define HAVE_SYS_STAT_H 1
| #define HAVE_STDLIB_H 1
| #define HAVE_STRING_H 1
| #define HAVE_MEMORY_H 1
| #define HAVE_STRINGS_H 1
| #define HAVE_INTTYPES_H 1
| #define HAVE_STDINT_H 1
| #define HAVE_UNISTD_H 1
| /* end confdefs.h.  */
| #include <stdio.h>
| #ifdef HAVE_SYS_TYPES_H
| # include <sys/types.h>
| #endif
| #ifdef HAVE_SYS_STAT_H
| # include <sys/stat.h>
| #endif
| #ifdef STDC_HEADERS
| # include <stdlib.h>
| # include <stddef.h>
| #else
| # ifdef HAVE_STDLIB_H
| #  include <stdlib.h>
| # endif
| #endif
| #ifdef HAVE_STRING_H
| # if !defined STDC_HEADERS && defined HAVE_MEMORY_H
| #  include <memory.h>
| # endif
| # include <string.h>
| #endif
| #ifdef HAVE_STRINGS_H
| # include <strings.h>
| #endif
| #ifdef HAVE_INTTYPES_H
| # include <inttypes.h>
| #endif
| #ifdef HAVE_STDINT_H
| # include <stdint.h>
| #endif
| #ifdef HAVE_UNISTD_H
| # include <unistd.h>
| #endif
| #include <minix/config.h>
configure:4424: result: no
configure:4424: checking minix/config.h presence
configure:4424: gcc -E  conftest.c
conftest.c:21:26: error: minix/config.h: No such file or directory
configure:4424: $? = 1
configure: failed program was:
| /* confdefs.h */
| #define PACKAGE_NAME "xfce4-sensors-plugin"
| #define PACKAGE_TARNAME "xfce4-sensors-plugin"
| #define PACKAGE_VERSION "0.10.99.7"
| #define PACKAGE_STRING "xfce4-sensors-plugin 0.10.99.7"
| #define PACKAGE_BUGREPORT "timystery@arcor.de"
| #define PACKAGE_URL ""
| #define PACKAGE "xfce4-sensors-plugin"
| #define VERSION "0.10.99.7"
| #define STDC_HEADERS 1
| #define HAVE_SYS_TYPES_H 1
| #define HAVE_SYS_STAT_H 1
| #define HAVE_STDLIB_H 1
| #define HAVE_STRING_H 1
| #define HAVE_MEMORY_H 1
| #define HAVE_STRINGS_H 1
| #define HAVE_INTTYPES_H 1
| #define HAVE_STDINT_H 1
| #define HAVE_UNISTD_H 1
| /* end confdefs.h.  */
| #include <minix/config.h>
configure:4424: result: no
configure:4424: checking for minix/config.h
configure:4424: result: no
configure:4445: checking whether it is safe to define __EXTENSIONS__
configure:4463: gcc -c -g -O2  conftest.c >&5
configure:4463: $? = 0
configure:4470: result: yes
configure:4485: checking for library containing strerror
configure:4516: gcc -o conftest -g -O2   conftest.c  >&5
configure:4516: $? = 0
configure:4533: result: none required
configure:4591: checking for gcc
configure:4618: result: gcc
configure:4847: checking for C compiler version
configure:4856: gcc --version >&5
gcc (Debian 4.3.4-1) 4.3.4
Copyright (C) 2008 Free Software Foundation, Inc.
This is free software; see the source for copying conditions.  There is NO
warranty; not even for MERCHANTABILITY or FITNESS FOR A PARTICULAR PURPOSE.

configure:4867: $? = 0
configure:4856: gcc -v >&5
Using built-in specs.
Target: i486-linux-gnu
Configured with: ../src/configure -v --with-pkgversion='Debian 4.3.4-1' --with-bugurl=file:///usr/share/doc/gcc-4.3/README.Bugs --enable-languages=c,c++,fortran,objc,obj-c++ --prefix=/usr --enable-shared --enable-multiarch --enable-linker-build-id --with-system-zlib --libexecdir=/usr/lib --without-included-gettext --enable-threads=posix --enable-nls --with-gxx-include-dir=/usr/include/c++/4.3 --program-suffix=-4.3 --enable-clocale=gnu --enable-libstdcxx-debug --enable-objc-gc --enable-mpfr --enable-targets=all --with-tune=generic --enable-checking=release --build=i486-linux-gnu --host=i486-linux-gnu --target=i486-linux-gnu
Thread model: posix
gcc version 4.3.4 (Debian 4.3.4-1) 
configure:4867: $? = 0
configure:4856: gcc -V >&5
gcc: '-V' option must have argument
configure:4867: $? = 1
configure:4856: gcc -qversion >&5
gcc: unrecognized option '-qversion'
gcc: no input files
configure:4867: $? = 1
configure:4871: checking whether we are using the GNU C compiler
configure:4899: result: yes
configure:4908: checking whether gcc accepts -g
configure:4969: result: yes
configure:4986: checking for gcc option to accept ISO C89
configure:5063: result: none needed
configure:5085: checking dependency style of gcc
configure:5175: result: gcc3
configure:5192: checking for a sed that does not truncate output
configure:5256: result: /bin/sed
configure:5274: checking for fgrep
configure:5336: result: /bin/grep -F
configure:5371: checking for ld used by gcc
configure:5438: result: /usr/bin/ld
configure:5445: checking if the linker (/usr/bin/ld) is GNU ld
configure:5460: result: yes
configure:5498: checking for BSD- or MS-compatible name lister (nm)
configure:5547: result: /usr/bin/nm -B
configure:5665: checking the name lister (/usr/bin/nm -B) interface
configure:5672: gcc -c -g -O2  conftest.c >&5
configure:5675: /usr/bin/nm -B "conftest.o"
configure:5678: output
00000000 B some_variable
configure:5685: result: BSD nm
configure:5688: checking whether ln -s works
configure:5692: result: yes
configure:5700: checking the maximum length of command line arguments
configure:5820: result: 1572864
configure:5837: checking whether the shell understands some XSI constructs
configure:5847: result: yes
configure:5851: checking whether the shell understands "+="
configure:5857: result: yes
configure:5892: checking for /usr/bin/ld option to reload object files
configure:5899: result: -r
configure:5968: checking for objdump
configure:5984: found /usr/bin/objdump
configure:5995: result: objdump
configure:6027: checking how to recognize dependent libraries
configure:6223: result: pass_all
configure:6283: checking for ar
configure:6299: found /usr/bin/ar
configure:6310: result: ar
configure:6388: checking for strip
configure:6404: found /usr/bin/strip
configure:6415: result: strip
configure:6487: checking for ranlib
configure:6503: found /usr/bin/ranlib
configure:6514: result: ranlib
configure:6604: checking command to parse /usr/bin/nm -B output from gcc object
configure:6722: gcc -c -g -O2  conftest.c >&5
configure:6725: $? = 0
configure:6729: /usr/bin/nm -B conftest.o \| sed -n -e 's/^.*[	 ]\([ABCDGIRSTW][ABCDGIRSTW]*\)[	 ][	 ]*\([_A-Za-z][_A-Za-z0-9]*\)$/\1 \2 \2/p' \> conftest.nm
configure:6732: $? = 0
configure:6786: gcc -o conftest -g -O2   conftest.c conftstm.o >&5
configure:6789: $? = 0
configure:6827: result: ok
configure:7632: checking for dlfcn.h
configure:7632: gcc -c -g -O2  conftest.c >&5
configure:7632: $? = 0
configure:7632: result: yes
configure:7816: checking for objdir
configure:7831: result: .libs
configure:8123: checking if gcc supports -fno-rtti -fno-exceptions
configure:8141: gcc -c -g -O2  -fno-rtti -fno-exceptions conftest.c >&5
cc1: warning: command line option "-fno-rtti" is valid for C++/ObjC++ but not for C
configure:8145: $? = 0
configure:8158: result: no
configure:8178: checking for gcc option to produce PIC
configure:8450: result: -fPIC -DPIC
configure:8462: checking if gcc PIC flag -fPIC -DPIC works
configure:8480: gcc -c -g -O2  -fPIC -DPIC -DPIC conftest.c >&5
configure:8484: $? = 0
configure:8497: result: yes
configure:8521: checking if gcc static flag -static works
configure:8549: result: yes
configure:8564: checking if gcc supports -c -o file.o
configure:8585: gcc -c -g -O2  -o out/conftest2.o conftest.c >&5
configure:8589: $? = 0
configure:8611: result: yes
configure:8619: checking if gcc supports -c -o file.o
configure:8666: result: yes
configure:8699: checking whether the gcc linker (/usr/bin/ld) supports shared libraries
configure:9689: result: yes
configure:9726: checking whether -lc should be explicitly linked in
configure:9731: gcc -c -g -O2  conftest.c >&5
configure:9734: $? = 0
configure:9749: gcc -shared conftest.o  -v -Wl,-soname -Wl,conftest -o conftest 2\>\&1 \| /bin/grep  -lc  \>/dev/null 2\>\&1
configure:9752: $? = 0
configure:9764: result: no
configure:9928: checking dynamic linker characteristics
configure:10361: gcc -o conftest -g -O2   -Wl,-rpath -Wl,/foo conftest.c  >&5
configure:10361: $? = 0
configure:10591: result: GNU/Linux ld.so
configure:10693: checking how to hardcode library paths into programs
configure:10718: result: immediate
configure:11238: checking whether stripping libraries is possible
configure:11243: result: yes
configure:11278: checking if libtool supports shared libraries
configure:11280: result: yes
configure:11283: checking whether to build shared libraries
configure:11304: result: yes
configure:11307: checking whether to build static libraries
configure:11311: result: yes
configure:11347: checking whether NLS is requested
configure:11356: result: yes
configure:11386: checking for intltool-update
configure:11404: found /usr/bin/intltool-update
configure:11416: result: /usr/bin/intltool-update
configure:11426: checking for intltool-merge
configure:11444: found /usr/bin/intltool-merge
configure:11456: result: /usr/bin/intltool-merge
configure:11466: checking for intltool-extract
configure:11484: found /usr/bin/intltool-extract
configure:11496: result: /usr/bin/intltool-extract
configure:11627: checking for xgettext
configure:11645: found /usr/bin/xgettext
configure:11657: result: /usr/bin/xgettext
configure:11667: checking for msgmerge
configure:11685: found /usr/bin/msgmerge
configure:11697: result: /usr/bin/msgmerge
configure:11707: checking for msgfmt
configure:11725: found /usr/bin/msgfmt
configure:11737: result: /usr/bin/msgfmt
configure:11747: checking for gmsgfmt
configure:11778: result: /usr/bin/msgfmt
configure:11798: checking for perl
configure:11816: found /usr/bin/perl
configure:11828: result: /usr/bin/perl
configure:11839: checking for perl >= 5.8.1
configure:11846: result: 5.10.0
configure:11850: checking for XML::Parser
configure:11853: result: ok
configure:11878: gcc -o conftest -g -O2   conftest.c  >&5
configure:11878: $? = 0
configure:11908: checking for ANSI C header files
configure:12012: result: yes
configure:12030: checking for sensors_get_detected_chips in -lsensors
configure:12055: gcc -o conftest -g -O2   conftest.c -lsensors   >&5
configure:12055: $? = 0
configure:12064: result: yes
configure:12113: checking for hddtemp
configure:12130: found /usr/sbin/hddtemp
configure:12141: result: yes
configure:12166: checking for hddtemp path
configure:12169: result: /usr/sbin/hddtemp
configure:12215: checking for netcat
configure:12232: found /bin/netcat
configure:12243: result: yes
configure:12253: checking for nc
configure:12270: found /bin/nc
configure:12281: result: yes
configure:12305: checking for netcat path
configure:12312: result: /bin/netcat
configure:12321: checking for hddtemp being queryable via netcat
configure:12324: result: |/dev/hda|SAMSUNG
configure:12377: checking for /proc/acpi/info
configure:12390: result: yes
configure:12421: checking for /sys/class/power_supply
configure:12434: result: yes
configure:12510: checking for gethostname
configure:12510: gcc -o conftest -g -O2   conftest.c  >&5
configure:12510: $? = 0
configure:12510: result: yes
configure:12521: checking for memset
configure:12521: gcc -o conftest -g -O2   conftest.c  >&5
conftest.c:63: warning: conflicting types for built-in function 'memset'
configure:12521: $? = 0
configure:12521: result: yes
configure:12532: checking for socket
configure:12532: gcc -o conftest -g -O2   conftest.c  >&5
configure:12532: $? = 0
configure:12532: result: yes
configure:12543: checking for strstr
configure:12543: gcc -o conftest -g -O2   conftest.c  >&5
conftest.c:65: warning: conflicting types for built-in function 'strstr'
configure:12543: $? = 0
configure:12543: result: yes
configure:12554: checking for malloc
configure:12554: gcc -o conftest -g -O2   conftest.c  >&5
conftest.c:66: warning: conflicting types for built-in function 'malloc'
configure:12554: $? = 0
configure:12554: result: yes
configure:12565: checking for bzero
configure:12565: gcc -o conftest -g -O2   conftest.c  >&5
conftest.c:67: warning: conflicting types for built-in function 'bzero'
configure:12565: $? = 0
configure:12565: result: yes
configure:12576: checking arpa/inet.h usability
configure:12576: gcc -c -g -O2  conftest.c >&5
configure:12576: $? = 0
configure:12576: result: yes
configure:12576: checking arpa/inet.h presence
configure:12576: gcc -E  conftest.c
configure:12576: $? = 0
configure:12576: result: yes
configure:12576: checking for arpa/inet.h
configure:12576: result: yes
configure:12588: checking netinet/in.h usability
configure:12588: gcc -c -g -O2  conftest.c >&5
configure:12588: $? = 0
configure:12588: result: yes
configure:12588: checking netinet/in.h presence
configure:12588: gcc -E  conftest.c
configure:12588: $? = 0
configure:12588: result: yes
configure:12588: checking for netinet/in.h
configure:12588: result: yes
configure:12600: checking for stdlib.h
configure:12600: result: yes
configure:12612: checking for string.h
configure:12612: result: yes
configure:12624: checking sys/ioctl.h usability
configure:12624: gcc -c -g -O2  conftest.c >&5
configure:12624: $? = 0
configure:12624: result: yes
configure:12624: checking sys/ioctl.h presence
configure:12624: gcc -E  conftest.c
configure:12624: $? = 0
configure:12624: result: yes
configure:12624: checking for sys/ioctl.h
configure:12624: result: yes
configure:12636: checking sys/param.h usability
configure:12636: gcc -c -g -O2  conftest.c >&5
configure:12636: $? = 0
configure:12636: result: yes
configure:12636: checking sys/param.h presence
configure:12636: gcc -E  conftest.c
configure:12636: $? = 0
configure:12636: result: yes
configure:12636: checking for sys/param.h
configure:12636: result: yes
configure:12648: checking sys/socket.h usability
configure:12648: gcc -c -g -O2  conftest.c >&5
configure:12648: $? = 0
configure:12648: result: yes
configure:12648: checking sys/socket.h presence
configure:12648: gcc -E  conftest.c
configure:12648: $? = 0
configure:12648: result: yes
configure:12648: checking for sys/socket.h
configure:12648: result: yes
configure:12660: checking sys/time.h usability
configure:12660: gcc -c -g -O2  conftest.c >&5
configure:12660: $? = 0
configure:12660: result: yes
configure:12660: checking sys/time.h presence
configure:12660: gcc -E  conftest.c
configure:12660: $? = 0
configure:12660: result: yes
configure:12660: checking for sys/time.h
configure:12660: result: yes
configure:12672: checking for unistd.h
configure:12672: result: yes
configure:12684: checking sys/sockio.h usability
configure:12684: gcc -c -g -O2  conftest.c >&5
conftest.c:87:24: error: sys/sockio.h: No such file or directory
configure:12684: $? = 1
configure: failed program was:
| /* confdefs.h */
| #define PACKAGE_NAME "xfce4-sensors-plugin"
| #define PACKAGE_TARNAME "xfce4-sensors-plugin"
| #define PACKAGE_VERSION "0.10.99.7"
| #define PACKAGE_STRING "xfce4-sensors-plugin 0.10.99.7"
| #define PACKAGE_BUGREPORT "timystery@arcor.de"
| #define PACKAGE_URL ""
| #define PACKAGE "xfce4-sensors-plugin"
| #define VERSION "0.10.99.7"
| #define STDC_HEADERS 1
| #define HAVE_SYS_TYPES_H 1
| #define HAVE_SYS_STAT_H 1
| #define HAVE_STDLIB_H 1
| #define HAVE_STRING_H 1
| #define HAVE_MEMORY_H 1
| #define HAVE_STRINGS_H 1
| #define HAVE_INTTYPES_H 1
| #define HAVE_STDINT_H 1
| #define HAVE_UNISTD_H 1
| #define __EXTENSIONS__ 1
| #define _ALL_SOURCE 1
| #define _GNU_SOURCE 1
| #define _POSIX_PTHREAD_SEMANTICS 1
| #define _TANDEM_SOURCE 1
| #define HAVE_DLFCN_H 1
| #define LT_OBJDIR ".libs/"
| #define STDC_HEADERS 1
| #define HAVE_LIBSENSORS 1
| #define HAVE_HDDTEMP 1
| #define PATH_HDDTEMP "/usr/sbin/hddtemp"
| #define HAVE_NETCAT 1
| #define NETCAT_PATH "/bin/netcat"
| #define NETCAT_HOST "localhost"
| #define HDDTEMP_PORT "7634"
| #define HAVE_ACPI 1
| #define HAVE_SYSFS_ACPI 1
| #define HAVE_LINUX 1
| #define HAVE_GETHOSTNAME 1
| #define HAVE_MEMSET 1
| #define HAVE_SOCKET 1
| #define HAVE_STRSTR 1
| #define HAVE_MALLOC 1
| #define HAVE_BZERO 1
| #define HAVE_ARPA_INET_H 1
| #define HAVE_NETINET_IN_H 1
| #define HAVE_STDLIB_H 1
| #define HAVE_STRING_H 1
| #define HAVE_SYS_IOCTL_H 1
| #define HAVE_SYS_PARAM_H 1
| #define HAVE_SYS_SOCKET_H 1
| #define HAVE_SYS_TIME_H 1
| #define HAVE_UNISTD_H 1
| /* end confdefs.h.  */
| #include <stdio.h>
| #ifdef HAVE_SYS_TYPES_H
| # include <sys/types.h>
| #endif
| #ifdef HAVE_SYS_STAT_H
| # include <sys/stat.h>
| #endif
| #ifdef STDC_HEADERS
| # include <stdlib.h>
| # include <stddef.h>
| #else
| # ifdef HAVE_STDLIB_H
| #  include <stdlib.h>
| # endif
| #endif
| #ifdef HAVE_STRING_H
| # if !defined STDC_HEADERS && defined HAVE_MEMORY_H
| #  include <memory.h>
| # endif
| # include <string.h>
| #endif
| #ifdef HAVE_STRINGS_H
| # include <strings.h>
| #endif
| #ifdef HAVE_INTTYPES_H
| # include <inttypes.h>
| #endif
| #ifdef HAVE_STDINT_H
| # include <stdint.h>
| #endif
| #ifdef HAVE_UNISTD_H
| # include <unistd.h>
| #endif
| #include <sys/sockio.h>
configure:12684: result: no
configure:12684: checking sys/sockio.h presence
configure:12684: gcc -E  conftest.c
conftest.c:54:24: error: sys/sockio.h: No such file or directory
configure:12684: $? = 1
configure: failed program was:
| /* confdefs.h */
| #define PACKAGE_NAME "xfce4-sensors-plugin"
| #define PACKAGE_TARNAME "xfce4-sensors-plugin"
| #define PACKAGE_VERSION "0.10.99.7"
| #define PACKAGE_STRING "xfce4-sensors-plugin 0.10.99.7"
| #define PACKAGE_BUGREPORT "timystery@arcor.de"
| #define PACKAGE_URL ""
| #define PACKAGE "xfce4-sensors-plugin"
| #define VERSION "0.10.99.7"
| #define STDC_HEADERS 1
| #define HAVE_SYS_TYPES_H 1
| #define HAVE_SYS_STAT_H 1
| #define HAVE_STDLIB_H 1
| #define HAVE_STRING_H 1
| #define HAVE_MEMORY_H 1
| #define HAVE_STRINGS_H 1
| #define HAVE_INTTYPES_H 1
| #define HAVE_STDINT_H 1
| #define HAVE_UNISTD_H 1
| #define __EXTENSIONS__ 1
| #define _ALL_SOURCE 1
| #define _GNU_SOURCE 1
| #define _POSIX_PTHREAD_SEMANTICS 1
| #define _TANDEM_SOURCE 1
| #define HAVE_DLFCN_H 1
| #define LT_OBJDIR ".libs/"
| #define STDC_HEADERS 1
| #define HAVE_LIBSENSORS 1
| #define HAVE_HDDTEMP 1
| #define PATH_HDDTEMP "/usr/sbin/hddtemp"
| #define HAVE_NETCAT 1
| #define NETCAT_PATH "/bin/netcat"
| #define NETCAT_HOST "localhost"
| #define HDDTEMP_PORT "7634"
| #define HAVE_ACPI 1
| #define HAVE_SYSFS_ACPI 1
| #define HAVE_LINUX 1
| #define HAVE_GETHOSTNAME 1
| #define HAVE_MEMSET 1
| #define HAVE_SOCKET 1
| #define HAVE_STRSTR 1
| #define HAVE_MALLOC 1
| #define HAVE_BZERO 1
| #define HAVE_ARPA_INET_H 1
| #define HAVE_NETINET_IN_H 1
| #define HAVE_STDLIB_H 1
| #define HAVE_STRING_H 1
| #define HAVE_SYS_IOCTL_H 1
| #define HAVE_SYS_PARAM_H 1
| #define HAVE_SYS_SOCKET_H 1
| #define HAVE_SYS_TIME_H 1
| #define HAVE_UNISTD_H 1
| /* end confdefs.h.  */
| #include <sys/sockio.h>
configure:12684: result: no
configure:12684: checking for sys/sockio.h
configure:12684: result: no
configure:12694: checking for sys/wait.h that is POSIX.1 compatible
configure:12720: gcc -c -g -O2  conftest.c >&5
configure:12720: $? = 0
configure:12727: result: yes
configure:12736: checking whether gcc needs -traditional
configure:12770: result: no
configure:12777: checking for size_t
configure:12777: gcc -c -g -O2  conftest.c >&5
configure:12777: $? = 0
configure:12777: gcc -c -g -O2  conftest.c >&5
conftest.c: In function 'main':
conftest.c:91: error: expected expression before ')' token
configure:12777: $? = 1
configure: failed program was:
| /* confdefs.h */
| #define PACKAGE_NAME "xfce4-sensors-plugin"
| #define PACKAGE_TARNAME "xfce4-sensors-plugin"
| #define PACKAGE_VERSION "0.10.99.7"
| #define PACKAGE_STRING "xfce4-sensors-plugin 0.10.99.7"
| #define PACKAGE_BUGREPORT "timystery@arcor.de"
| #define PACKAGE_URL ""
| #define PACKAGE "xfce4-sensors-plugin"
| #define VERSION "0.10.99.7"
| #define STDC_HEADERS 1
| #define HAVE_SYS_TYPES_H 1
| #define HAVE_SYS_STAT_H 1
| #define HAVE_STDLIB_H 1
| #define HAVE_STRING_H 1
| #define HAVE_MEMORY_H 1
| #define HAVE_STRINGS_H 1
| #define HAVE_INTTYPES_H 1
| #define HAVE_STDINT_H 1
| #define HAVE_UNISTD_H 1
| #define __EXTENSIONS__ 1
| #define _ALL_SOURCE 1
| #define _GNU_SOURCE 1
| #define _POSIX_PTHREAD_SEMANTICS 1
| #define _TANDEM_SOURCE 1
| #define HAVE_DLFCN_H 1
| #define LT_OBJDIR ".libs/"
| #define STDC_HEADERS 1
| #define HAVE_LIBSENSORS 1
| #define HAVE_HDDTEMP 1
| #define PATH_HDDTEMP "/usr/sbin/hddtemp"
| #define HAVE_NETCAT 1
| #define NETCAT_PATH "/bin/netcat"
| #define NETCAT_HOST "localhost"
| #define HDDTEMP_PORT "7634"
| #define HAVE_ACPI 1
| #define HAVE_SYSFS_ACPI 1
| #define HAVE_LINUX 1
| #define HAVE_GETHOSTNAME 1
| #define HAVE_MEMSET 1
| #define HAVE_SOCKET 1
| #define HAVE_STRSTR 1
| #define HAVE_MALLOC 1
| #define HAVE_BZERO 1
| #define HAVE_ARPA_INET_H 1
| #define HAVE_NETINET_IN_H 1
| #define HAVE_STDLIB_H 1
| #define HAVE_STRING_H 1
| #define HAVE_SYS_IOCTL_H 1
| #define HAVE_SYS_PARAM_H 1
| #define HAVE_SYS_SOCKET_H 1
| #define HAVE_SYS_TIME_H 1
| #define HAVE_UNISTD_H 1
| #define HAVE_SYS_WAIT_H 1
| /* end confdefs.h.  */
| #include <stdio.h>
| #ifdef HAVE_SYS_TYPES_H
| # include <sys/types.h>
| #endif
| #ifdef HAVE_SYS_STAT_H
| # include <sys/stat.h>
| #endif
| #ifdef STDC_HEADERS
| # include <stdlib.h>
| # include <stddef.h>
| #else
| # ifdef HAVE_STDLIB_H
| #  include <stdlib.h>
| # endif
| #endif
| #ifdef HAVE_STRING_H
| # if !defined STDC_HEADERS && defined HAVE_MEMORY_H
| #  include <memory.h>
| # endif
| # include <string.h>
| #endif
| #ifdef HAVE_STRINGS_H
| # include <strings.h>
| #endif
| #ifdef HAVE_INTTYPES_H
| # include <inttypes.h>
| #endif
| #ifdef HAVE_STDINT_H
| # include <stdint.h>
| #endif
| #ifdef HAVE_UNISTD_H
| # include <unistd.h>
| #endif
| int
| main ()
| {
| if (sizeof ((size_t)))
| 	    return 0;
|   ;
|   return 0;
| }
configure:12777: result: yes
configure:12789: checking for kstat_open in -lkstat
configure:12814: gcc -o conftest -g -O2   conftest.c -lkstat   >&5
/usr/bin/ld: cannot find -lkstat
collect2: ld returned 1 exit status
configure:12814: $? = 1
configure: failed program was:
| /* confdefs.h */
| #define PACKAGE_NAME "xfce4-sensors-plugin"
| #define PACKAGE_TARNAME "xfce4-sensors-plugin"
| #define PACKAGE_VERSION "0.10.99.7"
| #define PACKAGE_STRING "xfce4-sensors-plugin 0.10.99.7"
| #define PACKAGE_BUGREPORT "timystery@arcor.de"
| #define PACKAGE_URL ""
| #define PACKAGE "xfce4-sensors-plugin"
| #define VERSION "0.10.99.7"
| #define STDC_HEADERS 1
| #define HAVE_SYS_TYPES_H 1
| #define HAVE_SYS_STAT_H 1
| #define HAVE_STDLIB_H 1
| #define HAVE_STRING_H 1
| #define HAVE_MEMORY_H 1
| #define HAVE_STRINGS_H 1
| #define HAVE_INTTYPES_H 1
| #define HAVE_STDINT_H 1
| #define HAVE_UNISTD_H 1
| #define __EXTENSIONS__ 1
| #define _ALL_SOURCE 1
| #define _GNU_SOURCE 1
| #define _POSIX_PTHREAD_SEMANTICS 1
| #define _TANDEM_SOURCE 1
| #define HAVE_DLFCN_H 1
| #define LT_OBJDIR ".libs/"
| #define STDC_HEADERS 1
| #define HAVE_LIBSENSORS 1
| #define HAVE_HDDTEMP 1
| #define PATH_HDDTEMP "/usr/sbin/hddtemp"
| #define HAVE_NETCAT 1
| #define NETCAT_PATH "/bin/netcat"
| #define NETCAT_HOST "localhost"
| #define HDDTEMP_PORT "7634"
| #define HAVE_ACPI 1
| #define HAVE_SYSFS_ACPI 1
| #define HAVE_LINUX 1
| #define HAVE_GETHOSTNAME 1
| #define HAVE_MEMSET 1
| #define HAVE_SOCKET 1
| #define HAVE_STRSTR 1
| #define HAVE_MALLOC 1
| #define HAVE_BZERO 1
| #define HAVE_ARPA_INET_H 1
| #define HAVE_NETINET_IN_H 1
| #define HAVE_STDLIB_H 1
| #define HAVE_STRING_H 1
| #define HAVE_SYS_IOCTL_H 1
| #define HAVE_SYS_PARAM_H 1
| #define HAVE_SYS_SOCKET_H 1
| #define HAVE_SYS_TIME_H 1
| #define HAVE_UNISTD_H 1
| #define HAVE_SYS_WAIT_H 1
| /* end confdefs.h.  */
| 
| /* Override any GCC internal prototype to avoid an error.
|    Use char because int might match the return type of a GCC
|    builtin and then its argument prototype would still apply.  */
| #ifdef __cplusplus
| extern "C"
| #endif
| char kstat_open ();
| int
| main ()
| {
| return kstat_open ();
|   ;
|   return 0;
| }
configure:12823: result: no
configure:12831: checking for kstat_open in -lnsl
configure:12856: gcc -o conftest -g -O2   conftest.c -lnsl   >&5
/tmp/ccutuiJd.o: In function `main':
/home/tim/tmp/goodies/xfce4-sensors-plugin/conftest.c:66: undefined reference to `kstat_open'
collect2: ld returned 1 exit status
configure:12856: $? = 1
configure: failed program was:
| /* confdefs.h */
| #define PACKAGE_NAME "xfce4-sensors-plugin"
| #define PACKAGE_TARNAME "xfce4-sensors-plugin"
| #define PACKAGE_VERSION "0.10.99.7"
| #define PACKAGE_STRING "xfce4-sensors-plugin 0.10.99.7"
| #define PACKAGE_BUGREPORT "timystery@arcor.de"
| #define PACKAGE_URL ""
| #define PACKAGE "xfce4-sensors-plugin"
| #define VERSION "0.10.99.7"
| #define STDC_HEADERS 1
| #define HAVE_SYS_TYPES_H 1
| #define HAVE_SYS_STAT_H 1
| #define HAVE_STDLIB_H 1
| #define HAVE_STRING_H 1
| #define HAVE_MEMORY_H 1
| #define HAVE_STRINGS_H 1
| #define HAVE_INTTYPES_H 1
| #define HAVE_STDINT_H 1
| #define HAVE_UNISTD_H 1
| #define __EXTENSIONS__ 1
| #define _ALL_SOURCE 1
| #define _GNU_SOURCE 1
| #define _POSIX_PTHREAD_SEMANTICS 1
| #define _TANDEM_SOURCE 1
| #define HAVE_DLFCN_H 1
| #define LT_OBJDIR ".libs/"
| #define STDC_HEADERS 1
| #define HAVE_LIBSENSORS 1
| #define HAVE_HDDTEMP 1
| #define PATH_HDDTEMP "/usr/sbin/hddtemp"
| #define HAVE_NETCAT 1
| #define NETCAT_PATH "/bin/netcat"
| #define NETCAT_HOST "localhost"
| #define HDDTEMP_PORT "7634"
| #define HAVE_ACPI 1
| #define HAVE_SYSFS_ACPI 1
| #define HAVE_LINUX 1
| #define HAVE_GETHOSTNAME 1
| #define HAVE_MEMSET 1
| #define HAVE_SOCKET 1
| #define HAVE_STRSTR 1
| #define HAVE_MALLOC 1
| #define HAVE_BZERO 1
| #define HAVE_ARPA_INET_H 1
| #define HAVE_NETINET_IN_H 1
| #define HAVE_STDLIB_H 1
| #define HAVE_STRING_H 1
| #define HAVE_SYS_IOCTL_H 1
| #define HAVE_SYS_PARAM_H 1
| #define HAVE_SYS_SOCKET_H 1
| #define HAVE_SYS_TIME_H 1
| #define HAVE_UNISTD_H 1
| #define HAVE_SYS_WAIT_H 1
| /* end confdefs.h.  */
| 
| /* Override any GCC internal prototype to avoid an error.
|    Use char because int might match the return type of a GCC
|    builtin and then its argument prototype would still apply.  */
| #ifdef __cplusplus
| extern "C"
| #endif
| char kstat_open ();
| int
| main ()
| {
| return kstat_open ();
|   ;
|   return 0;
| }
configure:12865: result: no
configure:12887: checking for pkg-config
configure:12905: found /usr/bin/pkg-config
configure:12918: result: /usr/bin/pkg-config
configure:12940: checking for pkg-config >= 0.9.0
configure:12944: result: 0.22
configure:12961: checking for gtk+-2.0 >= 2.10.0
configure:12965: result: 2.16.5
configure:12968: checking GTK_CFLAGS
configure:12971: result: -D_REENTRANT -I/usr/include/gtk-2.0 -I/usr/lib/gtk-2.0/include -I/usr/include/atk-1.0 -I/usr/include/cairo -I/usr/include/pango-1.0 -I/usr/include/pixman-1 -I/usr/include/freetype2 -I/usr/include/directfb -I/usr/include/libpng12 -I/usr/include/glib-2.0 -I/usr/lib/glib-2.0/include  
configure:12974: checking GTK_LIBS
configure:12977: result: -lgtk-x11-2.0 -lgdk-x11-2.0 -latk-1.0 -lpangoft2-1.0 -lgdk_pixbuf-2.0 -lm -lpangocairo-1.0 -lgio-2.0 -lcairo -lpango-1.0 -lfreetype -lfontconfig -lgobject-2.0 -lgmodule-2.0 -lglib-2.0  
configure:13099: checking for glib-2.0 >= 2.6.0
configure:13103: result: 2.20.4
configure:13106: checking GLIB_CFLAGS
configure:13109: result: -I/usr/include/glib-2.0 -I/usr/lib/glib-2.0/include  
configure:13112: checking GLIB_LIBS
configure:13115: result: -lglib-2.0  
configure:13252: checking for libnotify >= 0.4
configure:13256: result: 0.4.5
configure:13259: checking LIBNOTIFY_CFLAGS
configure:13262: result: -D_REENTRANT -I/usr/include/gtk-2.0 -I/usr/include/glib-2.0 -I/usr/lib/glib-2.0/include -I/usr/include/dbus-1.0 -I/usr/lib/dbus-1.0/include -I/usr/lib/gtk-2.0/include -I/usr/include/atk-1.0 -I/usr/include/cairo -I/usr/include/pango-1.0 -I/usr/include/pixman-1 -I/usr/include/freetype2 -I/usr/include/directfb -I/usr/include/libpng12  
configure:13265: checking LIBNOTIFY_LIBS
configure:13268: result: -lnotify -lgtk-x11-2.0 -ldbus-glib-1 -lgdk-x11-2.0 -latk-1.0 -lpangoft2-1.0 -lgdk_pixbuf-2.0 -lm -lpangocairo-1.0 -lgio-2.0 -lcairo -lpango-1.0 -lfreetype -lfontconfig -lgmodule-2.0 -ldbus-1 -lpthread -lrt -lgobject-2.0 -lglib-2.0  
configure:13421: checking for libxfce4util-1.0 >= 4.4.0
configure:13425: result: 4.6.0
configure:13428: checking LIBXFCE4UTIL_CFLAGS
configure:13431: result: -I/usr/local/include/xfce4 -I/usr/include/glib-2.0 -I/usr/lib/glib-2.0/include  
configure:13434: checking LIBXFCE4UTIL_LIBS
configure:13437: result: -L/usr/local/lib -lxfce4util -lglib-2.0  
configure:13559: checking for libxfcegui4-1.0 >= 4.4.0
configure:13563: result: 4.6.0
configure:13566: checking LIBXFCEGUI4_CFLAGS
configure:13569: result: -D_REENTRANT -I/usr/local/include/xfce4 -I/usr/include/gtk-2.0 -I/usr/lib/gtk-2.0/include -I/usr/include/cairo -I/usr/include/pango-1.0 -I/usr/include/pixman-1 -I/usr/include/freetype2 -I/usr/include/directfb -I/usr/include/libpng12 -I/usr/include/glib-2.0 -I/usr/lib/glib-2.0/include -I/usr/include/atk-1.0  
configure:13572: checking LIBXFCEGUI4_LIBS
configure:13575: result: -L/usr/local/lib -lxfcegui4 -lgtk-x11-2.0 -lxfce4util -lgdk-x11-2.0 -latk-1.0 -lpangoft2-1.0 -lgdk_pixbuf-2.0 -lm -lpangocairo-1.0 -lgio-2.0 -lcairo -lpango-1.0 -lfreetype -lfontconfig -lgobject-2.0 -lgmodule-2.0 -lglib-2.0  
configure:13698: checking for libxfce4panel-1.0 >= 4.4.0
configure:13702: result: 4.6.0
configure:13705: checking LIBXFCE4PANEL_CFLAGS
configure:13708: result: -D_REENTRANT -I/usr/local/include/xfce4/ -I/usr/local/include/xfce4 -I/usr/include/glib-2.0 -I/usr/lib/glib-2.0/include -I/usr/include/gtk-2.0 -I/usr/lib/gtk-2.0/include -I/usr/include/cairo -I/usr/include/pango-1.0 -I/usr/include/pixman-1 -I/usr/include/freetype2 -I/usr/include/directfb -I/usr/include/libpng12 -I/usr/include/atk-1.0  
configure:13711: checking LIBXFCE4PANEL_LIBS
configure:13714: result: -L/usr/local/lib -lxfce4panel -lxfcegui4 -lgtk-x11-2.0 -lxfce4util -lgdk-x11-2.0 -latk-1.0 -lpangoft2-1.0 -lgdk_pixbuf-2.0 -lm -lpangocairo-1.0 -lgio-2.0 -lcairo -lpango-1.0 -lfreetype -lfontconfig -lgobject-2.0 -lgmodule-2.0 -lglib-2.0  
configure:13768: checking locale.h usability
configure:13768: gcc -c -g -O2  conftest.c >&5
configure:13768: $? = 0
configure:13768: result: yes
configure:13768: checking locale.h presence
configure:13768: gcc -E  conftest.c
configure:13768: $? = 0
configure:13768: result: yes
configure:13768: checking for locale.h
configure:13768: result: yes
configure:13779: checking for LC_MESSAGES
configure:13795: gcc -o conftest -g -O2   conftest.c  >&5
configure:13795: $? = 0
configure:13803: result: yes
configure:13820: checking libintl.h usability
configure:13820: gcc -c -g -O2  conftest.c >&5
configure:13820: $? = 0
configure:13820: result: yes
configure:13820: checking libintl.h presence
configure:13820: gcc -E  conftest.c
configure:13820: $? = 0
configure:13820: result: yes
configure:13820: checking for libintl.h
configure:13820: result: yes
configure:13828: checking for dgettext in libc
configure:13846: gcc -o conftest -g -O2   conftest.c  >&5
configure:13846: $? = 0
configure:13855: result: yes
configure:13861: checking for bind_textdomain_codeset
configure:13861: gcc -o conftest -g -O2   conftest.c  >&5
configure:13861: $? = 0
configure:13861: result: yes
configure:14055: checking for msgfmt
configure:14082: result: /usr/bin/msgfmt
configure:14093: checking for dcgettext
configure:14093: gcc -o conftest -g -O2   conftest.c   >&5
conftest.c:84: warning: conflicting types for built-in function 'dcgettext'
configure:14093: $? = 0
configure:14093: result: yes
configure:14104: checking for gmsgfmt
configure:14135: result: /usr/bin/msgfmt
configure:14145: checking for xgettext
configure:14172: result: /usr/bin/xgettext
configure:14191: gcc -o conftest -g -O2   conftest.c   >&5
configure:14191: $? = 0
configure:14269: checking for catalogs to be installed
configure:14294: result:  ar ast ca cs da de el en_GB es eu fi fr gl hu id it ja ko lt lv pl pt pt_BR ru sq sv tr uk ur ur_PK vi zh_CN zh_TW
configure:14327: checking for bind_textdomain_codeset
configure:14327: result: yes
configure:14333: checking for locales directory
configure:14349: result: ${datarootdir}/locale
configure:14353: checking for additional xgettext flags
configure:14361: result: --keyword=Q_ --from-code=UTF-8
configure:14375: checking whether to build with debugging support
configure:14407: result: no
configure:14412: checking PLATFORM_LDFLAGS
configure:14414: result: 
configure:14566: creating ./config.status

## ---------------------- ##
## Running config.status. ##
## ---------------------- ##

This file was extended by xfce4-sensors-plugin config.status 0.10.99.7, which was
generated by GNU Autoconf 2.64.  Invocation command line was

  CONFIG_FILES    = 
  CONFIG_HEADERS  = 
  CONFIG_LINKS    = 
  CONFIG_COMMANDS = 
  $ ./config.status 

on TIM3000

config.status:1235: creating Makefile
config.status:1235: creating xfce4-sensors-plugin.spec
config.status:1235: creating include/Makefile
config.status:1235: creating lib/Makefile
config.status:1235: creating lib/libxfce4sensors-1.0.pc
config.status:1338: WARNING:  'lib/libxfce4sensors-1.0.pc.in' seems to ignore the --datarootdir setting
config.status:1235: creating panel-plugin/Makefile
config.status:1235: creating src/Makefile
config.status:1235: creating icons/Makefile
config.status:1235: creating po/Makefile.in
config.status:1235: creating config.h
config.status:1448: executing depfiles commands
config.status:1448: executing libtool commands
config.status:1448: executing intltool-update commands
config.status:1448: executing default-1 commands
config.status:1448: executing po/stamp-it commands

## ---------------- ##
## Cache variables. ##
## ---------------- ##

ac_cv_build=i686-pc-linux-gnu
ac_cv_c_compiler_gnu=yes
ac_cv_env_CC_set=
ac_cv_env_CC_value=
ac_cv_env_CFLAGS_set=
ac_cv_env_CFLAGS_value=
ac_cv_env_CPPFLAGS_set=
ac_cv_env_CPPFLAGS_value=
ac_cv_env_CPP_set=
ac_cv_env_CPP_value=
ac_cv_env_LDFLAGS_set=
ac_cv_env_LDFLAGS_value=
ac_cv_env_LIBS_set=
ac_cv_env_LIBS_value=
ac_cv_env_build_alias_set=
ac_cv_env_build_alias_value=
ac_cv_env_host_alias_set=
ac_cv_env_host_alias_value=
ac_cv_env_target_alias_set=
ac_cv_env_target_alias_value=
ac_cv_file__proc_acpi_info=yes
ac_cv_file__sys_class_power_supply=yes
ac_cv_func_bind_textdomain_codeset=yes
ac_cv_func_bzero=yes
ac_cv_func_dcgettext=yes
ac_cv_func_gethostname=yes
ac_cv_func_malloc=yes
ac_cv_func_memset=yes
ac_cv_func_socket=yes
ac_cv_func_strstr=yes
ac_cv_header_arpa_inet_h=yes
ac_cv_header_dlfcn_h=yes
ac_cv_header_inttypes_h=yes
ac_cv_header_libintl_h=yes
ac_cv_header_locale_h=yes
ac_cv_header_memory_h=yes
ac_cv_header_minix_config_h=no
ac_cv_header_netinet_in_h=yes
ac_cv_header_stdc=yes
ac_cv_header_stdint_h=yes
ac_cv_header_stdlib_h=yes
ac_cv_header_string_h=yes
ac_cv_header_strings_h=yes
ac_cv_header_sys_ioctl_h=yes
ac_cv_header_sys_param_h=yes
ac_cv_header_sys_socket_h=yes
ac_cv_header_sys_sockio_h=no
ac_cv_header_sys_stat_h=yes
ac_cv_header_sys_time_h=yes
ac_cv_header_sys_types_h=yes
ac_cv_header_sys_wait_h=yes
ac_cv_header_unistd_h=yes
ac_cv_host=i686-pc-linux-gnu
ac_cv_lib_kstat_kstat_open=no
ac_cv_lib_nsl_kstat_open=no
ac_cv_lib_sensors_sensors_get_detected_chips=yes
ac_cv_objext=o
ac_cv_path_EGREP='/bin/grep -E'
ac_cv_path_FGREP='/bin/grep -F'
ac_cv_path_GMSGFMT=/usr/bin/msgfmt
ac_cv_path_GREP=/bin/grep
ac_cv_path_INTLTOOL_EXTRACT=/usr/bin/intltool-extract
ac_cv_path_INTLTOOL_MERGE=/usr/bin/intltool-merge
ac_cv_path_INTLTOOL_PERL=/usr/bin/perl
ac_cv_path_INTLTOOL_UPDATE=/usr/bin/intltool-update
ac_cv_path_MSGFMT=/usr/bin/msgfmt
ac_cv_path_MSGMERGE=/usr/bin/msgmerge
ac_cv_path_PKG_CONFIG=/usr/bin/pkg-config
ac_cv_path_SED=/bin/sed
ac_cv_path_XGETTEXT=/usr/bin/xgettext
ac_cv_path_install='/usr/bin/install -c'
ac_cv_prog_AWK=gawk
ac_cv_prog_CPP='gcc -E'
ac_cv_prog_ac_ct_AR=ar
ac_cv_prog_ac_ct_CC=gcc
ac_cv_prog_ac_ct_OBJDUMP=objdump
ac_cv_prog_ac_ct_RANLIB=ranlib
ac_cv_prog_ac_ct_STRIP=strip
ac_cv_prog_cc_c89=
ac_cv_prog_cc_g=yes
ac_cv_prog_gcc_traditional=no
ac_cv_prog_hddtemp=yes
ac_cv_prog_make_make_set=yes
ac_cv_prog_nc=yes
ac_cv_prog_netcat=yes
ac_cv_safe_to_define___extensions__=yes
ac_cv_search_strerror='none required'
ac_cv_target=i686-pc-linux-gnu
ac_cv_type_size_t=yes
am_cv_CC_dependencies_compiler_type=gcc3
am_cv_val_LC_MESSAGES=yes
gt_cv_func_dgettext_libc=yes
gt_cv_func_dgettext_libintl=no
gt_cv_have_gettext=yes
lt_cv_deplibs_check_method=pass_all
lt_cv_file_magic_cmd='$MAGIC_CMD'
lt_cv_file_magic_test_file=
lt_cv_ld_reload_flag=-r
lt_cv_nm_interface='BSD nm'
lt_cv_objdir=.libs
lt_cv_path_LD=/usr/bin/ld
lt_cv_path_NM='/usr/bin/nm -B'
lt_cv_prog_compiler_c_o=yes
lt_cv_prog_compiler_pic_works=yes
lt_cv_prog_compiler_rtti_exceptions=no
lt_cv_prog_compiler_static_works=yes
lt_cv_prog_gnu_ld=yes
lt_cv_sys_global_symbol_pipe='sed -n -e '\''s/^.*[	 ]\([ABCDGIRSTW][ABCDGIRSTW]*\)[	 ][	 ]*\([_A-Za-z][_A-Za-z0-9]*\)$/\1 \2 \2/p'\'''
lt_cv_sys_global_symbol_to_c_name_address='sed -n -e '\''s/^: \([^ ]*\) $/  {\"\1\", (void *) 0},/p'\'' -e '\''s/^[ABCDGIRSTW]* \([^ ]*\) \([^ ]*\)$/  {"\2", (void *) \&\2},/p'\'''
lt_cv_sys_global_symbol_to_c_name_address_lib_prefix='sed -n -e '\''s/^: \([^ ]*\) $/  {\"\1\", (void *) 0},/p'\'' -e '\''s/^[ABCDGIRSTW]* \([^ ]*\) \(lib[^ ]*\)$/  {"\2", (void *) \&\2},/p'\'' -e '\''s/^[ABCDGIRSTW]* \([^ ]*\) \([^ ]*\)$/  {"lib\2", (void *) \&\2},/p'\'''
lt_cv_sys_global_symbol_to_cdecl='sed -n -e '\''s/^T .* \(.*\)$/extern int \1();/p'\'' -e '\''s/^[ABCDGIRSTW]* .* \(.*\)$/extern char \1;/p'\'''
lt_cv_sys_max_cmd_len=1572864
xdt_cv_LIBNOTIFY_check=yes
xdt_cv_PKG_CONFIG_MIN_VERSION=0.9.0
xdt_cv_PKG_CONFIG_VERSION=0.22

## ----------------- ##
## Output variables. ##
## ----------------- ##

ACLOCAL='${SHELL} /home/tim/tmp/goodies/xfce4-sensors-plugin/missing --run aclocal-1.9'
ALL_LINGUAS='ar ast ca cs da de el en_GB es eu fi fr gl hu id it ja ko lt lv pl pt pt_BR ru sq sv tr uk ur ur_PK vi zh_CN zh_TW '
AMDEPBACKSLASH='\'
AMDEP_FALSE='#'
AMDEP_TRUE=''
AMTAR='${SHELL} /home/tim/tmp/goodies/xfce4-sensors-plugin/missing --run tar'
AR='ar'
AUTOCONF='${SHELL} /home/tim/tmp/goodies/xfce4-sensors-plugin/missing --run autoconf'
AUTOHEADER='${SHELL} /home/tim/tmp/goodies/xfce4-sensors-plugin/missing --run autoheader'
AUTOMAKE='${SHELL} /home/tim/tmp/goodies/xfce4-sensors-plugin/missing --run automake-1.9'
AWK='gawk'
CATALOGS=' ar.gmo ast.gmo ca.gmo cs.gmo da.gmo de.gmo el.gmo en_GB.gmo es.gmo eu.gmo fi.gmo fr.gmo gl.gmo hu.gmo id.gmo it.gmo ja.gmo ko.gmo lt.gmo lv.gmo pl.gmo pt.gmo pt_BR.gmo ru.gmo sq.gmo sv.gmo tr.gmo uk.gmo ur.gmo ur_PK.gmo vi.gmo zh_CN.gmo zh_TW.gmo'
CATOBJEXT='.gmo'
CC='gcc'
CCDEPMODE='depmode=gcc3'
CFLAGS='-g -O2'
CPP='gcc -E'
CPPFLAGS=''
CYGPATH_W='echo'
DATADIRNAME='share'
DEFS='-DHAVE_CONFIG_H'
DEPDIR='.deps'
DSYMUTIL=''
DUMPBIN=''
ECHO_C=''
ECHO_N='-n'
ECHO_T=''
EGREP='/bin/grep -E'
EXEEXT=''
FGREP='/bin/grep -F'
GETTEXT_PACKAGE='xfce4-sensors-plugin'
GLIB_CFLAGS='-I/usr/include/glib-2.0 -I/usr/lib/glib-2.0/include  '
GLIB_LIBS='-lglib-2.0  '
GLIB_REQUIRED_VERSION='2.6.0'
GLIB_VERSION='2.20.4'
GMOFILES=' ar.gmo ast.gmo ca.gmo cs.gmo da.gmo de.gmo el.gmo en_GB.gmo es.gmo eu.gmo fi.gmo fr.gmo gl.gmo hu.gmo id.gmo it.gmo ja.gmo ko.gmo lt.gmo lv.gmo pl.gmo pt.gmo pt_BR.gmo ru.gmo sq.gmo sv.gmo tr.gmo uk.gmo ur.gmo ur_PK.gmo vi.gmo zh_CN.gmo zh_TW.gmo'
GMSGFMT='/usr/bin/msgfmt'
GREP='/bin/grep'
GTK_CFLAGS='-D_REENTRANT -I/usr/include/gtk-2.0 -I/usr/lib/gtk-2.0/include -I/usr/include/atk-1.0 -I/usr/include/cairo -I/usr/include/pango-1.0 -I/usr/include/pixman-1 -I/usr/include/freetype2 -I/usr/include/directfb -I/usr/include/libpng12 -I/usr/include/glib-2.0 -I/usr/lib/glib-2.0/include  '
GTK_LIBS='-lgtk-x11-2.0 -lgdk-x11-2.0 -latk-1.0 -lpangoft2-1.0 -lgdk_pixbuf-2.0 -lm -lpangocairo-1.0 -lgio-2.0 -lcairo -lpango-1.0 -lfreetype -lfontconfig -lgobject-2.0 -lgmodule-2.0 -lglib-2.0  '
GTK_REQUIRED_VERSION='2.10.0'
GTK_VERSION='2.16.5'
HAVE_ACPI_FALSE='#'
HAVE_ACPI_TRUE=''
HAVE_HDDTEMP_FALSE='#'
HAVE_HDDTEMP_TRUE=''
HAVE_LIBNOTIFY_FALSE='#'
HAVE_LIBNOTIFY_TRUE=''
HAVE_LIBSENSORS_FALSE='#'
HAVE_LIBSENSORS_TRUE=''
HAVE_SYSFS_ACPI_FALSE='#'
HAVE_SYSFS_ACPI_TRUE=''
HAVE__NETCAT_FALSE='#'
HAVE__NETCAT_TRUE=''
HDDTEMP_PORT='7634'
INSTALL_DATA='${INSTALL} -m 644'
INSTALL_PROGRAM='${INSTALL}'
INSTALL_SCRIPT='${INSTALL}'
INSTALL_STRIP_PROGRAM='${SHELL} $(install_sh) -c -s'
INSTOBJEXT='.mo'
INTLLIBS=''
INTLTOOL_CAVES_RULE='%.caves:     %.caves.in     $(INTLTOOL_MERGE) $(wildcard $(top_srcdir)/po/*.po) ; LC_ALL=C $(INTLTOOL_MERGE) -d -u -c $(top_builddir)/po/.intltool-merge-cache $(top_srcdir)/po $< $@'
INTLTOOL_DESKTOP_RULE='%.desktop:   %.desktop.in   $(INTLTOOL_MERGE) $(wildcard $(top_srcdir)/po/*.po) ; LC_ALL=C $(INTLTOOL_MERGE) -d -u -c $(top_builddir)/po/.intltool-merge-cache $(top_srcdir)/po $< $@'
INTLTOOL_DIRECTORY_RULE='%.directory: %.directory.in $(INTLTOOL_MERGE) $(wildcard $(top_srcdir)/po/*.po) ; LC_ALL=C $(INTLTOOL_MERGE) -d -u -c $(top_builddir)/po/.intltool-merge-cache $(top_srcdir)/po $< $@'
INTLTOOL_EXTRACT='/usr/bin/intltool-extract'
INTLTOOL_KBD_RULE='%.kbd:       %.kbd.in       $(INTLTOOL_MERGE) $(wildcard $(top_srcdir)/po/*.po) ; LC_ALL=C $(INTLTOOL_MERGE) -x -u -m -c $(top_builddir)/po/.intltool-merge-cache $(top_srcdir)/po $< $@'
INTLTOOL_KEYS_RULE='%.keys:      %.keys.in      $(INTLTOOL_MERGE) $(wildcard $(top_srcdir)/po/*.po) ; LC_ALL=C $(INTLTOOL_MERGE) -k -u -c $(top_builddir)/po/.intltool-merge-cache $(top_srcdir)/po $< $@'
INTLTOOL_MERGE='/usr/bin/intltool-merge'
INTLTOOL_OAF_RULE='%.oaf:       %.oaf.in       $(INTLTOOL_MERGE) $(wildcard $(top_srcdir)/po/*.po) ; LC_ALL=C $(INTLTOOL_MERGE) -o -p $(top_srcdir)/po $< $@'
INTLTOOL_PERL='/usr/bin/perl'
INTLTOOL_POLICY_RULE='%.policy:    %.policy.in    $(INTLTOOL_MERGE) $(wildcard $(top_srcdir)/po/*.po) ; LC_ALL=C $(INTLTOOL_MERGE) -x -u -c $(top_builddir)/po/.intltool-merge-cache $(top_srcdir)/po $< $@'
INTLTOOL_PONG_RULE='%.pong:      %.pong.in      $(INTLTOOL_MERGE) $(wildcard $(top_srcdir)/po/*.po) ; LC_ALL=C $(INTLTOOL_MERGE) -x -u -c $(top_builddir)/po/.intltool-merge-cache $(top_srcdir)/po $< $@'
INTLTOOL_PROP_RULE='%.prop:      %.prop.in      $(INTLTOOL_MERGE) $(wildcard $(top_srcdir)/po/*.po) ; LC_ALL=C $(INTLTOOL_MERGE) -d -u -c $(top_builddir)/po/.intltool-merge-cache $(top_srcdir)/po $< $@'
INTLTOOL_SCHEMAS_RULE='%.schemas:   %.schemas.in   $(INTLTOOL_MERGE) $(wildcard $(top_srcdir)/po/*.po) ; LC_ALL=C $(INTLTOOL_MERGE) -s -u -c $(top_builddir)/po/.intltool-merge-cache $(top_srcdir)/po $< $@'
INTLTOOL_SERVER_RULE='%.server:    %.server.in    $(INTLTOOL_MERGE) $(wildcard $(top_srcdir)/po/*.po) ; LC_ALL=C $(INTLTOOL_MERGE) -o -u -c $(top_builddir)/po/.intltool-merge-cache $(top_srcdir)/po $< $@'
INTLTOOL_SERVICE_RULE='%.service: %.service.in   $(INTLTOOL_MERGE) $(wildcard $(top_srcdir)/po/*.po) ; LC_ALL=C $(INTLTOOL_MERGE) -d -u -c $(top_builddir)/po/.intltool-merge-cache $(top_srcdir)/po $< $@'
INTLTOOL_SHEET_RULE='%.sheet:     %.sheet.in     $(INTLTOOL_MERGE) $(wildcard $(top_srcdir)/po/*.po) ; LC_ALL=C $(INTLTOOL_MERGE) -x -u -c $(top_builddir)/po/.intltool-merge-cache $(top_srcdir)/po $< $@'
INTLTOOL_SOUNDLIST_RULE='%.soundlist: %.soundlist.in $(INTLTOOL_MERGE) $(wildcard $(top_srcdir)/po/*.po) ; LC_ALL=C $(INTLTOOL_MERGE) -d -u -c $(top_builddir)/po/.intltool-merge-cache $(top_srcdir)/po $< $@'
INTLTOOL_THEME_RULE='%.theme:     %.theme.in     $(INTLTOOL_MERGE) $(wildcard $(top_srcdir)/po/*.po) ; LC_ALL=C $(INTLTOOL_MERGE) -d -u -c $(top_builddir)/po/.intltool-merge-cache $(top_srcdir)/po $< $@'
INTLTOOL_UI_RULE='%.ui:        %.ui.in        $(INTLTOOL_MERGE) $(wildcard $(top_srcdir)/po/*.po) ; LC_ALL=C $(INTLTOOL_MERGE) -x -u -c $(top_builddir)/po/.intltool-merge-cache $(top_srcdir)/po $< $@'
INTLTOOL_UPDATE='/usr/bin/intltool-update'
INTLTOOL_XAM_RULE='%.xam:       %.xml.in       $(INTLTOOL_MERGE) $(wildcard $(top_srcdir)/po/*.po) ; LC_ALL=C $(INTLTOOL_MERGE) -x -u -c $(top_builddir)/po/.intltool-merge-cache $(top_srcdir)/po $< $@'
INTLTOOL_XML_NOMERGE_RULE='%.xml:       %.xml.in       $(INTLTOOL_MERGE) ; LC_ALL=C $(INTLTOOL_MERGE) -x -u /tmp $< $@'
INTLTOOL_XML_RULE='%.xml:       %.xml.in       $(INTLTOOL_MERGE) $(wildcard $(top_srcdir)/po/*.po) ; LC_ALL=C $(INTLTOOL_MERGE) -x -u -c $(top_builddir)/po/.intltool-merge-cache $(top_srcdir)/po $< $@'
LD='/usr/bin/ld'
LDFLAGS=''
LIBNOTIFY_CFLAGS='-D_REENTRANT -I/usr/include/gtk-2.0 -I/usr/include/glib-2.0 -I/usr/lib/glib-2.0/include -I/usr/include/dbus-1.0 -I/usr/lib/dbus-1.0/include -I/usr/lib/gtk-2.0/include -I/usr/include/atk-1.0 -I/usr/include/cairo -I/usr/include/pango-1.0 -I/usr/include/pixman-1 -I/usr/include/freetype2 -I/usr/include/directfb -I/usr/include/libpng12  '
LIBNOTIFY_LIBS='-lnotify -lgtk-x11-2.0 -ldbus-glib-1 -lgdk-x11-2.0 -latk-1.0 -lpangoft2-1.0 -lgdk_pixbuf-2.0 -lm -lpangocairo-1.0 -lgio-2.0 -lcairo -lpango-1.0 -lfreetype -lfontconfig -lgmodule-2.0 -ldbus-1 -lpthread -lrt -lgobject-2.0 -lglib-2.0  '
LIBNOTIFY_REQUIRED_VERSION='0.4'
LIBNOTIFY_VERSION='0.4.5'
LIBOBJS=''
LIBS=''
LIBSENSORS_CFLAGS='-I/usr/include'
LIBSENSORS_LDFLAGS='-lsensors'
LIBTOOL='$(SHELL) $(top_builddir)/libtool'
LIBXFCE4PANEL_CFLAGS='-D_REENTRANT -I/usr/local/include/xfce4/ -I/usr/local/include/xfce4 -I/usr/include/glib-2.0 -I/usr/lib/glib-2.0/include -I/usr/include/gtk-2.0 -I/usr/lib/gtk-2.0/include -I/usr/include/cairo -I/usr/include/pango-1.0 -I/usr/include/pixman-1 -I/usr/include/freetype2 -I/usr/include/directfb -I/usr/include/libpng12 -I/usr/include/atk-1.0  '
LIBXFCE4PANEL_LIBS='-L/usr/local/lib -lxfce4panel -lxfcegui4 -lgtk-x11-2.0 -lxfce4util -lgdk-x11-2.0 -latk-1.0 -lpangoft2-1.0 -lgdk_pixbuf-2.0 -lm -lpangocairo-1.0 -lgio-2.0 -lcairo -lpango-1.0 -lfreetype -lfontconfig -lgobject-2.0 -lgmodule-2.0 -lglib-2.0  '
LIBXFCE4PANEL_REQUIRED_VERSION='4.4.0'
LIBXFCE4PANEL_VERSION='4.6.0'
LIBXFCE4SENSORS_VERINFO='1:0:0'
LIBXFCE4UTIL_CFLAGS='-I/usr/local/include/xfce4 -I/usr/include/glib-2.0 -I/usr/lib/glib-2.0/include  '
LIBXFCE4UTIL_LIBS='-L/usr/local/lib -lxfce4util -lglib-2.0  '
LIBXFCE4UTIL_REQUIRED_VERSION='4.4.0'
LIBXFCE4UTIL_VERSION='4.6.0'
LIBXFCEGUI4_CFLAGS='-D_REENTRANT -I/usr/local/include/xfce4 -I/usr/include/gtk-2.0 -I/usr/lib/gtk-2.0/include -I/usr/include/cairo -I/usr/include/pango-1.0 -I/usr/include/pixman-1 -I/usr/include/freetype2 -I/usr/include/directfb -I/usr/include/libpng12 -I/usr/include/glib-2.0 -I/usr/lib/glib-2.0/include -I/usr/include/atk-1.0  '
LIBXFCEGUI4_LIBS='-L/usr/local/lib -lxfcegui4 -lgtk-x11-2.0 -lxfce4util -lgdk-x11-2.0 -latk-1.0 -lpangoft2-1.0 -lgdk_pixbuf-2.0 -lm -lpangocairo-1.0 -lgio-2.0 -lcairo -lpango-1.0 -lfreetype -lfontconfig -lgobject-2.0 -lgmodule-2.0 -lglib-2.0  '
LIBXFCEGUI4_REQUIRED_VERSION='4.4.0'
LIBXFCEGUI4_VERSION='4.6.0'
LIPO=''
LN_S='ln -s'
LTLIBOBJS=''
MAINT=''
MAINTAINER_MODE_FALSE='#'
MAINTAINER_MODE_TRUE=''
MAKEINFO='${SHELL} /home/tim/tmp/goodies/xfce4-sensors-plugin/missing --run makeinfo'
MKINSTALLDIRS='./mkinstalldirs'
MSGFMT='/usr/bin/msgfmt'
MSGMERGE='/usr/bin/msgmerge'
NETCAT_HOST='localhost'
NETCAT_PATH='/bin/netcat'
NM='/usr/bin/nm -B'
NMEDIT=''
OBJDUMP='objdump'
OBJEXT='o'
OTOOL64=''
OTOOL=''
PACKAGE='xfce4-sensors-plugin'
PACKAGE_BUGREPORT='timystery@arcor.de'
PACKAGE_NAME='xfce4-sensors-plugin'
PACKAGE_STRING='xfce4-sensors-plugin 0.10.99.7'
PACKAGE_TARNAME='xfce4-sensors-plugin'
PACKAGE_URL=''
PACKAGE_VERSION='0.10.99.7'
PATH_HDDTEMP=''
PATH_SEPARATOR=':'
PKG_CONFIG='/usr/bin/pkg-config'
PLATFORM_CFLAGS=''
PLATFORM_LDFLAGS=''
POFILES=' ar.po ast.po ca.po cs.po da.po de.po el.po en_GB.po es.po eu.po fi.po fr.po gl.po hu.po id.po it.po ja.po ko.po lt.po lv.po pl.po pt.po pt_BR.po ru.po sq.po sv.po tr.po uk.po ur.po ur_PK.po vi.po zh_CN.po zh_TW.po'
POSUB='po'
PO_IN_DATADIR_FALSE=''
PO_IN_DATADIR_TRUE=''
RANLIB='ranlib'
SED='/bin/sed'
SET_MAKE=''
SHELL='/bin/sh'
SOLLIBS=''
STRIP='strip'
USE_NLS='yes'
VERSION='0.10.99.7'
XGETTEXT='/usr/bin/xgettext'
XGETTEXT_ARGS='--keyword=Q_ --from-code=UTF-8'
ac_ct_CC='gcc'
ac_ct_DUMPBIN=''
am__fastdepCC_FALSE='#'
am__fastdepCC_TRUE=''
am__include='include'
am__leading_dot='.'
am__quote=''
am__tar='${AMTAR} chof - "$$tardir"'
am__untar='${AMTAR} xf -'
bindir='${exec_prefix}/bin'
build='i686-pc-linux-gnu'
build_alias=''
build_cpu='i686'
build_os='linux-gnu'
build_vendor='pc'
datadir='${datarootdir}'
datarootdir='${prefix}/share'
docdir='${datarootdir}/doc/${PACKAGE_TARNAME}'
dvidir='${docdir}'
exec_prefix='${prefix}'
hddtemp='yes'
host='i686-pc-linux-gnu'
host_alias=''
host_cpu='i686'
host_os='linux-gnu'
host_vendor='pc'
htmldir='${docdir}'
includedir='${prefix}/include'
infodir='${datarootdir}/info'
install_sh='/home/tim/tmp/goodies/xfce4-sensors-plugin/install-sh'
libdir='${exec_prefix}/lib'
libexecdir='${exec_prefix}/libexec'
localedir='${datarootdir}/locale'
localstatedir='${prefix}/var'
lt_ECHO='echo'
mandir='${datarootdir}/man'
mkdir_p='mkdir -p --'
nc='yes'
netcat='yes'
oldincludedir='/usr/include'
pdfdir='${docdir}'
prefix='/usr/local'
program_transform_name='s,x,x,'
psdir='${docdir}'
sbindir='${exec_prefix}/sbin'
sharedstatedir='${prefix}/com'
sysconfdir='${prefix}/etc'
target='i686-pc-linux-gnu'
target_alias=''
target_cpu='i686'
target_os='linux-gnu'
target_vendor='pc'

## ----------- ##
## confdefs.h. ##
## ----------- ##

/* confdefs.h */
#define PACKAGE_NAME "xfce4-sensors-plugin"
#define PACKAGE_TARNAME "xfce4-sensors-plugin"
#define PACKAGE_VERSION "0.10.99.7"
#define PACKAGE_STRING "xfce4-sensors-plugin 0.10.99.7"
#define PACKAGE_BUGREPORT "timystery@arcor.de"
#define PACKAGE_URL ""
#define PACKAGE "xfce4-sensors-plugin"
#define VERSION "0.10.99.7"
#define STDC_HEADERS 1
#define HAVE_SYS_TYPES_H 1
#define HAVE_SYS_STAT_H 1
#define HAVE_STDLIB_H 1
#define HAVE_STRING_H 1
#define HAVE_MEMORY_H 1
#define HAVE_STRINGS_H 1
#define HAVE_INTTYPES_H 1
#define HAVE_STDINT_H 1
#define HAVE_UNISTD_H 1
#define __EXTENSIONS__ 1
#define _ALL_SOURCE 1
#define _GNU_SOURCE 1
#define _POSIX_PTHREAD_SEMANTICS 1
#define _TANDEM_SOURCE 1
#define HAVE_DLFCN_H 1
#define LT_OBJDIR ".libs/"
#define STDC_HEADERS 1
#define HAVE_LIBSENSORS 1
#define HAVE_HDDTEMP 1
#define PATH_HDDTEMP "/usr/sbin/hddtemp"
#define HAVE_NETCAT 1
#define NETCAT_PATH "/bin/netcat"
#define NETCAT_HOST "localhost"
#define HDDTEMP_PORT "7634"
#define HAVE_ACPI 1
#define HAVE_SYSFS_ACPI 1
#define HAVE_LINUX 1
#define HAVE_GETHOSTNAME 1
#define HAVE_MEMSET 1
#define HAVE_SOCKET 1
#define HAVE_STRSTR 1
#define HAVE_MALLOC 1
#define HAVE_BZERO 1
#define HAVE_ARPA_INET_H 1
#define HAVE_NETINET_IN_H 1
#define HAVE_STDLIB_H 1
#define HAVE_STRING_H 1
#define HAVE_SYS_IOCTL_H 1
#define HAVE_SYS_PARAM_H 1
#define HAVE_SYS_SOCKET_H 1
#define HAVE_SYS_TIME_H 1
#define HAVE_UNISTD_H 1
#define HAVE_SYS_WAIT_H 1
#define HAVE_LIBNOTIFY 1
#define GETTEXT_PACKAGE "xfce4-sensors-plugin"
#define HAVE_LOCALE_H 1
#define HAVE_LC_MESSAGES 1
#define HAVE_BIND_TEXTDOMAIN_CODESET 1
#define HAVE_GETTEXT 1
#define HAVE_DCGETTEXT 1
#define ENABLE_NLS 1

configure: exit 0
